{"name": "Eliminar registros del carrito", "status": "broken", "statusDetails": {"message": "selenium.common.exceptions.NoSuchElementException: Message: An element could not be located on the page using the given search parameters.\nStacktrace:\nNoSuchElementError: An element could not be located on the page using the given search parameters.\n    at AndroidUiautomator2Driver.findElOrEls (/Applications/Appium Server GUI.app/Contents/Resources/app/node_modules/appium/node_modules/appium-android-driver/lib/commands/find.js:75:11)\n    at runMicrotasks (<anonymous>)\n    at processTicksAndRejections (internal/process/task_queues.js:97:5)\n    at AndroidUiautomator2Driver.findElOrElsWithProcessing (/Applications/Appium Server GUI.app/Contents/Resources/app/node_modules/appium/node_modules/appium-base-driver/lib/basedriver/commands/find.js:33:12)\n    at AndroidUiautomator2Driver.findElement (/Applications/Appium Server GUI.app/Contents/Resources/app/node_modules/appium/node_modules/appium-base-driver/lib/basedriver/commands/find.js:53:10)\n", "trace": "  File \"/Library/Frameworks/Python.framework/Versions/3.11/lib/python3.11/site-packages/behave/model.py\", line 1329, in run\n    match.run(runner.context)\n  File \"/Library/Frameworks/Python.framework/Versions/3.11/lib/python3.11/site-packages/behave/matchers.py\", line 98, in run\n    self.func(context, *args, **kwargs)\n  File \"steps/buy_products_steps.py\", line 16, in step_impl\n    if buyProducts.find_element(*buyProducts.lbl_remove):\n       ^^^^^^^^^^^^^^^^^^^^^^^^^^^^^^^^^^^^^^^^^^^^^^^^^\n  File \"/Users/leticiaquezadacalzada/Downloads/Telegram Desktop/baz_behave/Behave/utils/common_actions.py\", line 11, in find_element\n    return self.driver.find_element(*locator)\n           ^^^^^^^^^^^^^^^^^^^^^^^^^^^^^^^^^^\n  File \"/Library/Frameworks/Python.framework/Versions/3.11/lib/python3.11/site-packages/appium/webdriver/webdriver.py\", line 387, in find_element\n    return self.execute(RemoteCommand.FIND_ELEMENT, {'using': by, 'value': value})['value']\n           ^^^^^^^^^^^^^^^^^^^^^^^^^^^^^^^^^^^^^^^^^^^^^^^^^^^^^^^^^^^^^^^^^^^^^^^\n  File \"/Library/Frameworks/Python.framework/Versions/3.11/lib/python3.11/site-packages/selenium/webdriver/remote/webdriver.py\", line 440, in execute\n    self.error_handler.check_response(response)\n  File \"/Library/Frameworks/Python.framework/Versions/3.11/lib/python3.11/site-packages/appium/webdriver/errorhandler.py\", line 30, in check_response\n    raise wde\n  File \"/Library/Frameworks/Python.framework/Versions/3.11/lib/python3.11/site-packages/appium/webdriver/errorhandler.py\", line 26, in check_response\n    super().check_response(response)\n  File \"/Library/Frameworks/Python.framework/Versions/3.11/lib/python3.11/site-packages/selenium/webdriver/remote/errorhandler.py\", line 245, in check_response\n    raise exception_class(message, screen, stacktrace)\n"}, "steps": [{"name": "Given Tengo la aplicaci√≤n", "status": "passed", "start": 1688360207974, "stop": 1688360207975}, {"name": "When Ingreso usuario", "status": "passed", "start": 1688360207976, "stop": 1688360210567}, {"name": "And Ingreso password", "status": "passed", "start": 1688360210568, "stop": 1688360211160}, {"name": "And Doy click en Ingresar", "status": "passed", "start": 1688360211161, "stop": 1688360211946}, {"name": "Given Doy click en el carrito", "status": "passed", "start": 1688360211947, "stop": 1688360214012}, {"name": "When Verifico que el carrito no tenga productos", "status": "broken", "statusDetails": {"message": "selenium.common.exceptions.NoSuchElementException: Message: An element could not be located on the page using the given search parameters.\nStacktrace:\nNoSuchElementError: An element could not be located on the page using the given search parameters.\n    at AndroidUiautomator2Driver.findElOrEls (/Applications/Appium Server GUI.app/Contents/Resources/app/node_modules/appium/node_modules/appium-android-driver/lib/commands/find.js:75:11)\n    at runMicrotasks (<anonymous>)\n    at processTicksAndRejections (internal/process/task_queues.js:97:5)\n    at AndroidUiautomator2Driver.findElOrElsWithProcessing (/Applications/Appium Server GUI.app/Contents/Resources/app/node_modules/appium/node_modules/appium-base-driver/lib/basedriver/commands/find.js:33:12)\n    at AndroidUiautomator2Driver.findElement (/Applications/Appium Server GUI.app/Contents/Resources/app/node_modules/appium/node_modules/appium-base-driver/lib/basedriver/commands/find.js:53:10)\n", "trace": "  File \"/Library/Frameworks/Python.framework/Versions/3.11/lib/python3.11/site-packages/behave/model.py\", line 1329, in run\n    match.run(runner.context)\n  File \"/Library/Frameworks/Python.framework/Versions/3.11/lib/python3.11/site-packages/behave/matchers.py\", line 98, in run\n    self.func(context, *args, **kwargs)\n  File \"steps/buy_products_steps.py\", line 16, in step_impl\n    if buyProducts.find_element(*buyProducts.lbl_remove):\n       ^^^^^^^^^^^^^^^^^^^^^^^^^^^^^^^^^^^^^^^^^^^^^^^^^\n  File \"/Users/leticiaquezadacalzada/Downloads/Telegram Desktop/baz_behave/Behave/utils/common_actions.py\", line 11, in find_element\n    return self.driver.find_element(*locator)\n           ^^^^^^^^^^^^^^^^^^^^^^^^^^^^^^^^^^\n  File \"/Library/Frameworks/Python.framework/Versions/3.11/lib/python3.11/site-packages/appium/webdriver/webdriver.py\", line 387, in find_element\n    return self.execute(RemoteCommand.FIND_ELEMENT, {'using': by, 'value': value})['value']\n           ^^^^^^^^^^^^^^^^^^^^^^^^^^^^^^^^^^^^^^^^^^^^^^^^^^^^^^^^^^^^^^^^^^^^^^^\n  File \"/Library/Frameworks/Python.framework/Versions/3.11/lib/python3.11/site-packages/selenium/webdriver/remote/webdriver.py\", line 440, in execute\n    self.error_handler.check_response(response)\n  File \"/Library/Frameworks/Python.framework/Versions/3.11/lib/python3.11/site-packages/appium/webdriver/errorhandler.py\", line 30, in check_response\n    raise wde\n  File \"/Library/Frameworks/Python.framework/Versions/3.11/lib/python3.11/site-packages/appium/webdriver/errorhandler.py\", line 26, in check_response\n    super().check_response(response)\n  File \"/Library/Frameworks/Python.framework/Versions/3.11/lib/python3.11/site-packages/selenium/webdriver/remote/errorhandler.py\", line 245, in check_response\n    raise exception_class(message, screen, stacktrace)\n"}, "start": 1688360214012, "stop": 1688360219050}, {"name": "Then Si tiene un producto lo elimino", "status": "broken", "statusDetails": {"message": "\nYou can implement step definitions for undefined steps with these snippets:\n\n@then(u'Si tiene un producto lo elimino')\ndef step_impl(context):\n    raise NotImplementedError(u'STEP: Then Si tiene un producto lo elimino')\n\n"}, "start": 1688360219547, "stop": 1688360219547}], "start": 1688360197960, "stop": 1688360219547, "uuid": "126367c3-d970-4661-8e73-9a03c7d0171b", "historyId": "8c21f5d52e5ece378f9253263f5fd908", "fullName": "Buy Products: Eliminar registros del carrito", "labels": [{"name": "severity", "value": "normal"}, {"name": "tag", "value": "buy"}, {"name": "tag", "value": "regression"}, {"name": "feature", "value": "Buy Products"}, {"name": "framework", "value": "behave"}, {"name": "language", "value": "cpython3"}]}