{"name": "LOGIN", "status": "broken", "statusDetails": {"message": "selenium.common.exceptions.NoSuchElementException: Message: An element could not be located on the page using the given search parameters.\nStacktrace:\nNoSuchElementError: An element could not be located on the page using the given search parameters.\n    at AndroidUiautomator2Driver.findElOrEls (e:\\Users\\85810\\AppData\\Local\\Programs\\Appium Server GUI\\resources\\app\\node_modules\\appium\\node_modules\\appium-android-driver\\lib\\commands\\find.js:75:11)\n    at runMicrotasks (<anonymous>)\n    at processTicksAndRejections (internal/process/task_queues.js:97:5)\n    at AndroidUiautomator2Driver.findElOrElsWithProcessing (e:\\Users\\85810\\AppData\\Local\\Programs\\Appium Server GUI\\resources\\app\\node_modules\\appium\\node_modules\\appium-base-driver\\lib\\basedriver\\commands\\find.js:33:12)\n    at AndroidUiautomator2Driver.findElement (e:\\Users\\85810\\AppData\\Local\\Programs\\Appium Server GUI\\resources\\app\\node_modules\\appium\\node_modules\\appium-base-driver\\lib\\basedriver\\commands\\find.js:53:10)\n", "trace": "  File \"E:\\Users\\85810\\PycharmProjects\\venv\\Lib\\site-packages\\behave\\model.py\", line 1329, in run\n    match.run(runner.context)\n  File \"E:\\Users\\85810\\PycharmProjects\\venv\\Lib\\site-packages\\behave\\matchers.py\", line 98, in run\n    self.func(context, *args, **kwargs)\n  File \"steps\\log_in_steps.py\", line 13, in step_impl\n    login_in_screen.fill_text(*login_in_screen.txt_username, text=\"standard_user\")\n  File \"e:\\Users\\85810\\PycharmProjects\\baz_behave\\baz_behave\\Behave\\utils\\common_actions.py\", line 21, in fill_text\n    text_field = self.find_element(*locator)\n                 ^^^^^^^^^^^^^^^^^^^^^^^^^^^\n  File \"e:\\Users\\85810\\PycharmProjects\\baz_behave\\baz_behave\\Behave\\utils\\common_actions.py\", line 10, in find_element\n    return self.driver.find_element(*locator)\n           ^^^^^^^^^^^^^^^^^^^^^^^^^^^^^^^^^^\n  File \"E:\\Users\\85810\\PycharmProjects\\venv\\Lib\\site-packages\\appium\\webdriver\\webdriver.py\", line 409, in find_element\n    return self.execute(RemoteCommand.FIND_ELEMENT, {'using': by, 'value': value})['value']\n           ^^^^^^^^^^^^^^^^^^^^^^^^^^^^^^^^^^^^^^^^^^^^^^^^^^^^^^^^^^^^^^^^^^^^^^^\n  File \"E:\\Users\\85810\\PycharmProjects\\venv\\Lib\\site-packages\\selenium\\webdriver\\remote\\webdriver.py\", line 440, in execute\n    self.error_handler.check_response(response)\n  File \"E:\\Users\\85810\\PycharmProjects\\venv\\Lib\\site-packages\\appium\\webdriver\\errorhandler.py\", line 122, in check_response\n    raise exception_class(msg=message, stacktrace=format_stacktrace(stacktrace))\n"}, "steps": [{"name": "Given estamos en la pantalla de inicio", "status": "passed", "start": 1687900899767, "stop": 1687900899767}, {"name": "When ingresa usuario", "status": "broken", "statusDetails": {"message": "selenium.common.exceptions.NoSuchElementException: Message: An element could not be located on the page using the given search parameters.\nStacktrace:\nNoSuchElementError: An element could not be located on the page using the given search parameters.\n    at AndroidUiautomator2Driver.findElOrEls (e:\\Users\\85810\\AppData\\Local\\Programs\\Appium Server GUI\\resources\\app\\node_modules\\appium\\node_modules\\appium-android-driver\\lib\\commands\\find.js:75:11)\n    at runMicrotasks (<anonymous>)\n    at processTicksAndRejections (internal/process/task_queues.js:97:5)\n    at AndroidUiautomator2Driver.findElOrElsWithProcessing (e:\\Users\\85810\\AppData\\Local\\Programs\\Appium Server GUI\\resources\\app\\node_modules\\appium\\node_modules\\appium-base-driver\\lib\\basedriver\\commands\\find.js:33:12)\n    at AndroidUiautomator2Driver.findElement (e:\\Users\\85810\\AppData\\Local\\Programs\\Appium Server GUI\\resources\\app\\node_modules\\appium\\node_modules\\appium-base-driver\\lib\\basedriver\\commands\\find.js:53:10)\n", "trace": "  File \"E:\\Users\\85810\\PycharmProjects\\venv\\Lib\\site-packages\\behave\\model.py\", line 1329, in run\n    match.run(runner.context)\n  File \"E:\\Users\\85810\\PycharmProjects\\venv\\Lib\\site-packages\\behave\\matchers.py\", line 98, in run\n    self.func(context, *args, **kwargs)\n  File \"steps\\log_in_steps.py\", line 13, in step_impl\n    login_in_screen.fill_text(*login_in_screen.txt_username, text=\"standard_user\")\n  File \"e:\\Users\\85810\\PycharmProjects\\baz_behave\\baz_behave\\Behave\\utils\\common_actions.py\", line 21, in fill_text\n    text_field = self.find_element(*locator)\n                 ^^^^^^^^^^^^^^^^^^^^^^^^^^^\n  File \"e:\\Users\\85810\\PycharmProjects\\baz_behave\\baz_behave\\Behave\\utils\\common_actions.py\", line 10, in find_element\n    return self.driver.find_element(*locator)\n           ^^^^^^^^^^^^^^^^^^^^^^^^^^^^^^^^^^\n  File \"E:\\Users\\85810\\PycharmProjects\\venv\\Lib\\site-packages\\appium\\webdriver\\webdriver.py\", line 409, in find_element\n    return self.execute(RemoteCommand.FIND_ELEMENT, {'using': by, 'value': value})['value']\n           ^^^^^^^^^^^^^^^^^^^^^^^^^^^^^^^^^^^^^^^^^^^^^^^^^^^^^^^^^^^^^^^^^^^^^^^\n  File \"E:\\Users\\85810\\PycharmProjects\\venv\\Lib\\site-packages\\selenium\\webdriver\\remote\\webdriver.py\", line 440, in execute\n    self.error_handler.check_response(response)\n  File \"E:\\Users\\85810\\PycharmProjects\\venv\\Lib\\site-packages\\appium\\webdriver\\errorhandler.py\", line 122, in check_response\n    raise exception_class(msg=message, stacktrace=format_stacktrace(stacktrace))\n"}, "start": 1687900899767, "stop": 1687900909825}, {"name": "When ingresa contraseña", "status": "skipped", "start": 1687900910333, "stop": 1687900910333}, {"name": "When damos clic al botón de \"entrar\"", "status": "skipped", "start": 1687900910333, "stop": 1687900910333}, {"name": "Then entramos a la app \"SWAGLABS\"", "status": "broken", "statusDetails": {"message": "\nYou can implement step definitions for undefined steps with these snippets:\n\n@then(u'entramos a la app \"SWAGLABS\"')\ndef step_impl(context):\n    raise NotImplementedError(u'STEP: Then entramos a la app \"SWAGLABS\"')\n\n"}, "start": 1687900910333, "stop": 1687900910333}], "start": 1687900892587, "stop": 1687900910333, "uuid": "c1aee2c3-624d-474d-b0fe-96112e9cb210", "historyId": "ab5f10435539244f688df0a801a2061f", "fullName": "Log In: LOGIN", "labels": [{"name": "severity", "value": "normal"}, {"name": "tag", "value": "smoke"}, {"name": "feature", "value": "Log In"}, {"name": "framework", "value": "behave"}, {"name": "language", "value": "cpython3"}]}