{"name": "Log in", "status": "broken", "statusDetails": {"message": "selenium.common.exceptions.NoSuchElementException: Message: An element could not be located on the page using the given search parameters.; For documentation on this error, please visit: https://www.selenium.dev/documentation/webdriver/troubleshooting/errors#no-such-element-exception\nStacktrace:\nNoSuchElementError: An element could not be located on the page using the given search parameters.\n    at AndroidUiautomator2Driver.findElOrEls (E:\\Users\\1069257\\AppData\\Local\\Programs\\Appium Server GUI\\resources\\app\\node_modules\\appium\\node_modules\\appium-android-driver\\lib\\commands\\find.js:75:11)\n    at runMicrotasks (<anonymous>)\n    at processTicksAndRejections (internal/process/task_queues.js:97:5)\n    at AndroidUiautomator2Driver.findElOrElsWithProcessing (E:\\Users\\1069257\\AppData\\Local\\Programs\\Appium Server GUI\\resources\\app\\node_modules\\appium\\node_modules\\appium-base-driver\\lib\\basedriver\\commands\\find.js:33:12)\n    at AndroidUiautomator2Driver.findElement (E:\\Users\\1069257\\AppData\\Local\\Programs\\Appium Server GUI\\resources\\app\\node_modules\\appium\\node_modules\\appium-base-driver\\lib\\basedriver\\commands\\find.js:53:10)\n", "trace": "  File \"E:\\Users\\1069257\\PycharmProjects\\baz_behave\\lib\\site-packages\\behave\\model.py\", line 1329, in run\n    match.run(runner.context)\n  File \"E:\\Users\\1069257\\PycharmProjects\\baz_behave\\lib\\site-packages\\behave\\matchers.py\", line 98, in run\n    self.func(context, *args, **kwargs)\n  File \"steps\\login_steps.py\", line 25, in step_impl\n    login_screen.fill_text(*login_screen.txt_password, text=LOGIN_TEXTS.get('txt_password'))\n  File \"E:\\Users\\1069257\\Documents\\baz_behave\\Behave\\utils\\common_actions.py\", line 21, in fill_text\n    text_field = self.find_element(*locator)\n  File \"E:\\Users\\1069257\\Documents\\baz_behave\\Behave\\utils\\common_actions.py\", line 10, in find_element\n    return self.driver.find_element(*locator)\n  File \"E:\\Users\\1069257\\PycharmProjects\\baz_behave\\lib\\site-packages\\appium\\webdriver\\webdriver.py\", line 409, in find_element\n    return self.execute(RemoteCommand.FIND_ELEMENT, {'using': by, 'value': value})['value']\n  File \"E:\\Users\\1069257\\PycharmProjects\\baz_behave\\lib\\site-packages\\selenium\\webdriver\\remote\\webdriver.py\", line 346, in execute\n    self.error_handler.check_response(response)\n  File \"E:\\Users\\1069257\\PycharmProjects\\baz_behave\\lib\\site-packages\\appium\\webdriver\\errorhandler.py\", line 122, in check_response\n    raise exception_class(msg=message, stacktrace=format_stacktrace(stacktrace))\n"}, "steps": [{"name": "Given we are in the LOGIN screen", "status": "passed", "start": 1688093383255, "stop": 1688093384906}, {"name": "When we fill the user label", "status": "passed", "start": 1688093384907, "stop": 1688093387422}, {"name": "And we fill the password label", "status": "broken", "statusDetails": {"message": "selenium.common.exceptions.NoSuchElementException: Message: An element could not be located on the page using the given search parameters.; For documentation on this error, please visit: https://www.selenium.dev/documentation/webdriver/troubleshooting/errors#no-such-element-exception\nStacktrace:\nNoSuchElementError: An element could not be located on the page using the given search parameters.\n    at AndroidUiautomator2Driver.findElOrEls (E:\\Users\\1069257\\AppData\\Local\\Programs\\Appium Server GUI\\resources\\app\\node_modules\\appium\\node_modules\\appium-android-driver\\lib\\commands\\find.js:75:11)\n    at runMicrotasks (<anonymous>)\n    at processTicksAndRejections (internal/process/task_queues.js:97:5)\n    at AndroidUiautomator2Driver.findElOrElsWithProcessing (E:\\Users\\1069257\\AppData\\Local\\Programs\\Appium Server GUI\\resources\\app\\node_modules\\appium\\node_modules\\appium-base-driver\\lib\\basedriver\\commands\\find.js:33:12)\n    at AndroidUiautomator2Driver.findElement (E:\\Users\\1069257\\AppData\\Local\\Programs\\Appium Server GUI\\resources\\app\\node_modules\\appium\\node_modules\\appium-base-driver\\lib\\basedriver\\commands\\find.js:53:10)\n", "trace": "  File \"E:\\Users\\1069257\\PycharmProjects\\baz_behave\\lib\\site-packages\\behave\\model.py\", line 1329, in run\n    match.run(runner.context)\n  File \"E:\\Users\\1069257\\PycharmProjects\\baz_behave\\lib\\site-packages\\behave\\matchers.py\", line 98, in run\n    self.func(context, *args, **kwargs)\n  File \"steps\\login_steps.py\", line 25, in step_impl\n    login_screen.fill_text(*login_screen.txt_password, text=LOGIN_TEXTS.get('txt_password'))\n  File \"E:\\Users\\1069257\\Documents\\baz_behave\\Behave\\utils\\common_actions.py\", line 21, in fill_text\n    text_field = self.find_element(*locator)\n  File \"E:\\Users\\1069257\\Documents\\baz_behave\\Behave\\utils\\common_actions.py\", line 10, in find_element\n    return self.driver.find_element(*locator)\n  File \"E:\\Users\\1069257\\PycharmProjects\\baz_behave\\lib\\site-packages\\appium\\webdriver\\webdriver.py\", line 409, in find_element\n    return self.execute(RemoteCommand.FIND_ELEMENT, {'using': by, 'value': value})['value']\n  File \"E:\\Users\\1069257\\PycharmProjects\\baz_behave\\lib\\site-packages\\selenium\\webdriver\\remote\\webdriver.py\", line 346, in execute\n    self.error_handler.check_response(response)\n  File \"E:\\Users\\1069257\\PycharmProjects\\baz_behave\\lib\\site-packages\\appium\\webdriver\\errorhandler.py\", line 122, in check_response\n    raise exception_class(msg=message, stacktrace=format_stacktrace(stacktrace))\n"}, "start": 1688093387422, "stop": 1688093397523}, {"name": "And we tap the LOGIN button", "status": "skipped", "start": 1688093398134, "stop": 1688093398134}, {"name": "Then we has loggin correctly we are in the Products screen", "status": "skipped", "start": 1688093398134, "stop": 1688093398134}], "start": 1688093368076, "stop": 1688093398134, "uuid": "58b9a7bc-7c18-404d-9021-1402abfb2276", "historyId": "0a9e05dc373592cef8fa601a29186b2a", "fullName": "Log In: Log in", "labels": [{"name": "severity", "value": "normal"}, {"name": "tag", "value": "regression"}, {"name": "feature", "value": "Log In"}, {"name": "framework", "value": "behave"}, {"name": "language", "value": "cpython3"}]}