{"name": "Allow the user to finalize the purchase of the product", "status": "broken", "statusDetails": {"message": "selenium.common.exceptions.NoSuchElementException: Message: An element could not be located on the page using the given search parameters.; For documentation on this error, please visit: https://www.selenium.dev/documentation/webdriver/troubleshooting/errors#no-such-element-exception\nStacktrace:\nNoSuchElementError: An element could not be located on the page using the given search parameters.\n    at AndroidUiautomator2Driver.findElOrEls (E:\\Users\\1069257\\AppData\\Local\\Programs\\Appium Server GUI\\resources\\app\\node_modules\\appium\\node_modules\\appium-android-driver\\lib\\commands\\find.js:75:11)\n    at processTicksAndRejections (internal/process/task_queues.js:97:5)\n    at AndroidUiautomator2Driver.findElOrElsWithProcessing (E:\\Users\\1069257\\AppData\\Local\\Programs\\Appium Server GUI\\resources\\app\\node_modules\\appium\\node_modules\\appium-base-driver\\lib\\basedriver\\commands\\find.js:33:12)\n    at AndroidUiautomator2Driver.findElement (E:\\Users\\1069257\\AppData\\Local\\Programs\\Appium Server GUI\\resources\\app\\node_modules\\appium\\node_modules\\appium-base-driver\\lib\\basedriver\\commands\\find.js:53:10)\n", "trace": "  File \"E:\\Users\\1069257\\PycharmProjects\\baz_behave\\lib\\site-packages\\behave\\model.py\", line 1329, in run\n    match.run(runner.context)\n  File \"E:\\Users\\1069257\\PycharmProjects\\baz_behave\\lib\\site-packages\\behave\\matchers.py\", line 98, in run\n    self.func(context, *args, **kwargs)\n  File \"steps\\checkout_steps.py\", line 42, in test_scroll\n    resumen.tap_element(*resumen.btn_terminar)\n  File \"E:\\Users\\1069257\\Documents\\baz_behave\\Behave\\utils\\common_actions.py\", line 19, in tap_element\n    action.tap(self.find_element(*locator)).perform()\n  File \"E:\\Users\\1069257\\Documents\\baz_behave\\Behave\\utils\\common_actions.py\", line 11, in find_element\n    return self.driver.find_element(*locator)\n  File \"E:\\Users\\1069257\\PycharmProjects\\baz_behave\\lib\\site-packages\\appium\\webdriver\\webdriver.py\", line 409, in find_element\n    return self.execute(RemoteCommand.FIND_ELEMENT, {'using': by, 'value': value})['value']\n  File \"E:\\Users\\1069257\\PycharmProjects\\baz_behave\\lib\\site-packages\\selenium\\webdriver\\remote\\webdriver.py\", line 346, in execute\n    self.error_handler.check_response(response)\n  File \"E:\\Users\\1069257\\PycharmProjects\\baz_behave\\lib\\site-packages\\appium\\webdriver\\errorhandler.py\", line 122, in check_response\n    raise exception_class(msg=message, stacktrace=format_stacktrace(stacktrace))\n"}, "steps": [{"name": "Given we have been logged in app", "status": "passed", "start": 1688170005007, "stop": 1688170007118}, {"name": "When we add the products to the cart", "status": "passed", "start": 1688170007118, "stop": 1688170008381}, {"name": "And we select the shopping cart", "status": "passed", "start": 1688170008381, "stop": 1688170009362}, {"name": "And we select checkout button", "status": "passed", "start": 1688170009362, "stop": 1688170010554}, {"name": "And we enter customer information", "status": "passed", "start": 1688170010554, "stop": 1688170013710}, {"name": "And we press continue button", "status": "passed", "start": 1688170013710, "stop": 1688170014448}, {"name": "And we scroll to find the finish button", "status": "broken", "statusDetails": {"message": "selenium.common.exceptions.NoSuchElementException: Message: An element could not be located on the page using the given search parameters.; For documentation on this error, please visit: https://www.selenium.dev/documentation/webdriver/troubleshooting/errors#no-such-element-exception\nStacktrace:\nNoSuchElementError: An element could not be located on the page using the given search parameters.\n    at AndroidUiautomator2Driver.findElOrEls (E:\\Users\\1069257\\AppData\\Local\\Programs\\Appium Server GUI\\resources\\app\\node_modules\\appium\\node_modules\\appium-android-driver\\lib\\commands\\find.js:75:11)\n    at processTicksAndRejections (internal/process/task_queues.js:97:5)\n    at AndroidUiautomator2Driver.findElOrElsWithProcessing (E:\\Users\\1069257\\AppData\\Local\\Programs\\Appium Server GUI\\resources\\app\\node_modules\\appium\\node_modules\\appium-base-driver\\lib\\basedriver\\commands\\find.js:33:12)\n    at AndroidUiautomator2Driver.findElement (E:\\Users\\1069257\\AppData\\Local\\Programs\\Appium Server GUI\\resources\\app\\node_modules\\appium\\node_modules\\appium-base-driver\\lib\\basedriver\\commands\\find.js:53:10)\n", "trace": "  File \"E:\\Users\\1069257\\PycharmProjects\\baz_behave\\lib\\site-packages\\behave\\model.py\", line 1329, in run\n    match.run(runner.context)\n  File \"E:\\Users\\1069257\\PycharmProjects\\baz_behave\\lib\\site-packages\\behave\\matchers.py\", line 98, in run\n    self.func(context, *args, **kwargs)\n  File \"steps\\checkout_steps.py\", line 42, in test_scroll\n    resumen.tap_element(*resumen.btn_terminar)\n  File \"E:\\Users\\1069257\\Documents\\baz_behave\\Behave\\utils\\common_actions.py\", line 19, in tap_element\n    action.tap(self.find_element(*locator)).perform()\n  File \"E:\\Users\\1069257\\Documents\\baz_behave\\Behave\\utils\\common_actions.py\", line 11, in find_element\n    return self.driver.find_element(*locator)\n  File \"E:\\Users\\1069257\\PycharmProjects\\baz_behave\\lib\\site-packages\\appium\\webdriver\\webdriver.py\", line 409, in find_element\n    return self.execute(RemoteCommand.FIND_ELEMENT, {'using': by, 'value': value})['value']\n  File \"E:\\Users\\1069257\\PycharmProjects\\baz_behave\\lib\\site-packages\\selenium\\webdriver\\remote\\webdriver.py\", line 346, in execute\n    self.error_handler.check_response(response)\n  File \"E:\\Users\\1069257\\PycharmProjects\\baz_behave\\lib\\site-packages\\appium\\webdriver\\errorhandler.py\", line 122, in check_response\n    raise exception_class(msg=message, stacktrace=format_stacktrace(stacktrace))\n"}, "start": 1688170014448, "stop": 1688170024505}, {"name": "And we press the finish button", "status": "broken", "statusDetails": {"message": "\nYou can implement step definitions for undefined steps with these snippets:\n\n@when(u'we press the finish button')\ndef step_impl(context):\n    raise NotImplementedError(u'STEP: When we press the finish button')\n\n"}, "start": 1688170025237, "stop": 1688170025237}, {"name": "Then we show purchase success screen", "status": "broken", "statusDetails": {"message": "\nYou can implement step definitions for undefined steps with these snippets:\n\n@then(u'we show purchase success screen')\ndef step_impl(context):\n    raise NotImplementedError(u'STEP: Then we show purchase success screen')\n\n"}, "start": 1688170025237, "stop": 1688170025237}], "start": 1688169991800, "stop": 1688170025237, "uuid": "9f1000ab-8caf-4280-8b52-043ca2139b37", "historyId": "7b8343ece2f2d49e4891c38a08297488", "fullName": "Checkout: Allow the user to finalize the purchase of the product", "labels": [{"name": "severity", "value": "normal"}, {"name": "tag", "value": "regression"}, {"name": "feature", "value": "Checkout"}, {"name": "framework", "value": "behave"}, {"name": "language", "value": "cpython3"}]}